Log Name:      System
Source:        Service Control Manager
Date:          25/06/2025 18:54:06
Event ID:      7023
Task Category: None
Level:         Error
Keywords:      Classic
User:          N/A
Computer:      DESKTOP-SIN53GC
Description:
The NVIDIA LocalSystem Container service terminated with the following error: 
A generic command executable returned a result that indicates failure.
Event Xml:
<Event xmlns="http://schemas.microsoft.com/win/2004/08/events/event">
  <System>
    <Provider Name="Service Control Manager" Guid="{555908d1-a6d7-4695-8e1e-26931d2012f4}" EventSourceName="Service Control Manager" />
    <EventID Qualifiers="49152">7023</EventID>
    <Version>0</Version>
    <Level>2</Level>
    <Task>0</Task>
    <Opcode>0</Opcode>
    <Keywords>0x8080000000000000</Keywords>
    <TimeCreated SystemTime="2025-06-25T16:54:06.3349437Z" />
    <EventRecordID>236101</EventRecordID>
    <Correlation />
    <Execution ProcessID="1292" ThreadID="15820" />
    <Channel>System</Channel>
    <Computer>DESKTOP-SIN53GC</Computer>
    <Security />
  </System>
  <EventData>
    <Data Name="param1">NVIDIA LocalSystem Container</Data>
    <Data Name="param2">%%14109</Data>
    <Binary>4E00760043006F006E007400610069006E00650072004C006F00630061006C00530079007300740065006D000000</Binary>
  </EventData>
</Event>

Log Name:      System
Source:        Service Control Manager
Date:          25/06/2025 18:53:59
Event ID:      7031
Task Category: None
Level:         Error
Keywords:      Classic
User:          N/A
Computer:      DESKTOP-SIN53GC
Description:
The NVIDIA LocalSystem Container service terminated unexpectedly.  It has done this 1 time(s).  The following corrective action will be taken in 6000 milliseconds: Restart the service.
Event Xml:
<Event xmlns="http://schemas.microsoft.com/win/2004/08/events/event">
  <System>
    <Provider Name="Service Control Manager" Guid="{555908d1-a6d7-4695-8e1e-26931d2012f4}" EventSourceName="Service Control Manager" />
    <EventID Qualifiers="49152">7031</EventID>
    <Version>0</Version>
    <Level>2</Level>
    <Task>0</Task>
    <Opcode>0</Opcode>
    <Keywords>0x8080000000000000</Keywords>
    <TimeCreated SystemTime="2025-06-25T16:53:59.4056587Z" />
    <EventRecordID>236097</EventRecordID>
    <Correlation />
    <Execution ProcessID="1292" ThreadID="4564" />
    <Channel>System</Channel>
    <Computer>DESKTOP-SIN53GC</Computer>
    <Security />
  </System>
  <EventData>
    <Data Name="param1">NVIDIA LocalSystem Container</Data>
    <Data Name="param2">1</Data>
    <Data Name="param3">6000</Data>
    <Data Name="param4">1</Data>
    <Data Name="param5">Restart the service</Data>
    <Binary>4E00760043006F006E007400610069006E00650072004C006F00630061006C00530079007300740065006D000000</Binary>
  </EventData>
</Event>

Log Name:      System
Source:        Service Control Manager
Date:          25/06/2025 18:53:59
Event ID:      7023
Task Category: None
Level:         Error
Keywords:      Classic
User:          N/A
Computer:      DESKTOP-SIN53GC
Description:
The NVIDIA LocalSystem Container service terminated with the following error: 
A generic command executable returned a result that indicates failure.
Event Xml:
<Event xmlns="http://schemas.microsoft.com/win/2004/08/events/event">
  <System>
    <Provider Name="Service Control Manager" Guid="{555908d1-a6d7-4695-8e1e-26931d2012f4}" EventSourceName="Service Control Manager" />
    <EventID Qualifiers="49152">7023</EventID>
    <Version>0</Version>
    <Level>2</Level>
    <Task>0</Task>
    <Opcode>0</Opcode>
    <Keywords>0x8080000000000000</Keywords>
    <TimeCreated SystemTime="2025-06-25T16:53:59.4056587Z" />
    <EventRecordID>236096</EventRecordID>
    <Correlation />
    <Execution ProcessID="1292" ThreadID="1916" />
    <Channel>System</Channel>
    <Computer>DESKTOP-SIN53GC</Computer>
    <Security />
  </System>
  <EventData>
    <Data Name="param1">NVIDIA LocalSystem Container</Data>
    <Data Name="param2">%%14109</Data>
    <Binary>4E00760043006F006E007400610069006E00650072004C006F00630061006C00530079007300740065006D000000</Binary>
  </EventData>
</Event>
